Grammaire

    0 $accept: S $end

    1 S: Ligne

    2 $@1: %empty

    3 Ligne: tSTORE tNOMBRE tNOMBRE $@1 Ligne

    4 $@2: %empty

    5 Ligne: tAFC tNOMBRE tNOMBRE $@2 Ligne

    6 $@3: %empty

    7 Ligne: tLOAD tNOMBRE tNOMBRE $@3 Ligne

    8 $@4: %empty

    9 Ligne: tJMPC tNOMBRE tNOMBRE $@4 Ligne

   10 $@5: %empty

   11 Ligne: tJMP tNOMBRE tNOMBRE $@5 Ligne

   12 $@6: %empty

   13 Ligne: tSUB tNOMBRE tNOMBRE tNOMBRE $@6 Ligne

   14 $@7: %empty

   15 Ligne: tMUL tNOMBRE tNOMBRE tNOMBRE $@7 Ligne

   16 $@8: %empty

   17 Ligne: tADD tNOMBRE tNOMBRE tNOMBRE $@8 Ligne

   18 $@9: %empty

   19 Ligne: tDIV tNOMBRE tNOMBRE tNOMBRE $@9 Ligne

   20 $@10: %empty

   21 Ligne: tEQU tNOMBRE tNOMBRE tNOMBRE $@10 Ligne

   22 $@11: %empty

   23 Ligne: tINF tNOMBRE tNOMBRE tNOMBRE $@11 Ligne

   24 $@12: %empty

   25 Ligne: tINFE tNOMBRE tNOMBRE tNOMBRE $@12 Ligne

   26 $@13: %empty

   27 Ligne: tSUP tNOMBRE tNOMBRE tNOMBRE $@13 Ligne

   28 $@14: %empty

   29 Ligne: tSUPE tNOMBRE tNOMBRE tNOMBRE $@14 Ligne
   30      | %empty


Terminaux, suivis des règles où ils apparaissent

$end (0) 0
error (256)
tSTORE (258) 3
tAFC (259) 5
tLOAD (260) 7
tJMPC (261) 9
tJMP (262) 11
tSUB (263) 13
tMUL (264) 15
tADD (265) 17
tDIV (266) 19
tEQU (267) 21
tINF (268) 23
tINFE (269) 25
tSUP (270) 27
tSUPE (271) 29
tNOMBRE (272) 3 5 7 9 11 13 15 17 19 21 23 25 27 29


Non-terminaux, suivis des règles où ils apparaissent

$accept (18)
    à gauche: 0
S (19)
    à gauche: 1, à droite: 0
Ligne (20)
    à gauche: 3 5 7 9 11 13 15 17 19 21 23 25 27 29 30, à droite:
    1 3 5 7 9 11 13 15 17 19 21 23 25 27 29
$@1 (21)
    à gauche: 2, à droite: 3
$@2 (22)
    à gauche: 4, à droite: 5
$@3 (23)
    à gauche: 6, à droite: 7
$@4 (24)
    à gauche: 8, à droite: 9
$@5 (25)
    à gauche: 10, à droite: 11
$@6 (26)
    à gauche: 12, à droite: 13
$@7 (27)
    à gauche: 14, à droite: 15
$@8 (28)
    à gauche: 16, à droite: 17
$@9 (29)
    à gauche: 18, à droite: 19
$@10 (30)
    à gauche: 20, à droite: 21
$@11 (31)
    à gauche: 22, à droite: 23
$@12 (32)
    à gauche: 24, à droite: 25
$@13 (33)
    à gauche: 26, à droite: 27
$@14 (34)
    à gauche: 28, à droite: 29


État 0

    0 $accept: . S $end

    tSTORE  décalage et aller à l'état 1
    tAFC    décalage et aller à l'état 2
    tLOAD   décalage et aller à l'état 3
    tJMPC   décalage et aller à l'état 4
    tJMP    décalage et aller à l'état 5
    tSUB    décalage et aller à l'état 6
    tMUL    décalage et aller à l'état 7
    tADD    décalage et aller à l'état 8
    tDIV    décalage et aller à l'état 9
    tEQU    décalage et aller à l'état 10
    tINF    décalage et aller à l'état 11
    tINFE   décalage et aller à l'état 12
    tSUP    décalage et aller à l'état 13
    tSUPE   décalage et aller à l'état 14

    $défaut  réduction par utilisation de la règle 30 (Ligne)

    S      aller à l'état 15
    Ligne  aller à l'état 16


État 1

    3 Ligne: tSTORE . tNOMBRE tNOMBRE $@1 Ligne

    tNOMBRE  décalage et aller à l'état 17


État 2

    5 Ligne: tAFC . tNOMBRE tNOMBRE $@2 Ligne

    tNOMBRE  décalage et aller à l'état 18


État 3

    7 Ligne: tLOAD . tNOMBRE tNOMBRE $@3 Ligne

    tNOMBRE  décalage et aller à l'état 19


État 4

    9 Ligne: tJMPC . tNOMBRE tNOMBRE $@4 Ligne

    tNOMBRE  décalage et aller à l'état 20


État 5

   11 Ligne: tJMP . tNOMBRE tNOMBRE $@5 Ligne

    tNOMBRE  décalage et aller à l'état 21


État 6

   13 Ligne: tSUB . tNOMBRE tNOMBRE tNOMBRE $@6 Ligne

    tNOMBRE  décalage et aller à l'état 22


État 7

   15 Ligne: tMUL . tNOMBRE tNOMBRE tNOMBRE $@7 Ligne

    tNOMBRE  décalage et aller à l'état 23


État 8

   17 Ligne: tADD . tNOMBRE tNOMBRE tNOMBRE $@8 Ligne

    tNOMBRE  décalage et aller à l'état 24


État 9

   19 Ligne: tDIV . tNOMBRE tNOMBRE tNOMBRE $@9 Ligne

    tNOMBRE  décalage et aller à l'état 25


État 10

   21 Ligne: tEQU . tNOMBRE tNOMBRE tNOMBRE $@10 Ligne

    tNOMBRE  décalage et aller à l'état 26


État 11

   23 Ligne: tINF . tNOMBRE tNOMBRE tNOMBRE $@11 Ligne

    tNOMBRE  décalage et aller à l'état 27


État 12

   25 Ligne: tINFE . tNOMBRE tNOMBRE tNOMBRE $@12 Ligne

    tNOMBRE  décalage et aller à l'état 28


État 13

   27 Ligne: tSUP . tNOMBRE tNOMBRE tNOMBRE $@13 Ligne

    tNOMBRE  décalage et aller à l'état 29


État 14

   29 Ligne: tSUPE . tNOMBRE tNOMBRE tNOMBRE $@14 Ligne

    tNOMBRE  décalage et aller à l'état 30


État 15

    0 $accept: S . $end

    $end  décalage et aller à l'état 31


État 16

    1 S: Ligne .

    $défaut  réduction par utilisation de la règle 1 (S)


État 17

    3 Ligne: tSTORE tNOMBRE . tNOMBRE $@1 Ligne

    tNOMBRE  décalage et aller à l'état 32


État 18

    5 Ligne: tAFC tNOMBRE . tNOMBRE $@2 Ligne

    tNOMBRE  décalage et aller à l'état 33


État 19

    7 Ligne: tLOAD tNOMBRE . tNOMBRE $@3 Ligne

    tNOMBRE  décalage et aller à l'état 34


État 20

    9 Ligne: tJMPC tNOMBRE . tNOMBRE $@4 Ligne

    tNOMBRE  décalage et aller à l'état 35


État 21

   11 Ligne: tJMP tNOMBRE . tNOMBRE $@5 Ligne

    tNOMBRE  décalage et aller à l'état 36


État 22

   13 Ligne: tSUB tNOMBRE . tNOMBRE tNOMBRE $@6 Ligne

    tNOMBRE  décalage et aller à l'état 37


État 23

   15 Ligne: tMUL tNOMBRE . tNOMBRE tNOMBRE $@7 Ligne

    tNOMBRE  décalage et aller à l'état 38


État 24

   17 Ligne: tADD tNOMBRE . tNOMBRE tNOMBRE $@8 Ligne

    tNOMBRE  décalage et aller à l'état 39


État 25

   19 Ligne: tDIV tNOMBRE . tNOMBRE tNOMBRE $@9 Ligne

    tNOMBRE  décalage et aller à l'état 40


État 26

   21 Ligne: tEQU tNOMBRE . tNOMBRE tNOMBRE $@10 Ligne

    tNOMBRE  décalage et aller à l'état 41


État 27

   23 Ligne: tINF tNOMBRE . tNOMBRE tNOMBRE $@11 Ligne

    tNOMBRE  décalage et aller à l'état 42


État 28

   25 Ligne: tINFE tNOMBRE . tNOMBRE tNOMBRE $@12 Ligne

    tNOMBRE  décalage et aller à l'état 43


État 29

   27 Ligne: tSUP tNOMBRE . tNOMBRE tNOMBRE $@13 Ligne

    tNOMBRE  décalage et aller à l'état 44


État 30

   29 Ligne: tSUPE tNOMBRE . tNOMBRE tNOMBRE $@14 Ligne

    tNOMBRE  décalage et aller à l'état 45


État 31

    0 $accept: S $end .

    $défaut  accepter


État 32

    3 Ligne: tSTORE tNOMBRE tNOMBRE . $@1 Ligne

    $défaut  réduction par utilisation de la règle 2 ($@1)

    $@1  aller à l'état 46


État 33

    5 Ligne: tAFC tNOMBRE tNOMBRE . $@2 Ligne

    $défaut  réduction par utilisation de la règle 4 ($@2)

    $@2  aller à l'état 47


État 34

    7 Ligne: tLOAD tNOMBRE tNOMBRE . $@3 Ligne

    $défaut  réduction par utilisation de la règle 6 ($@3)

    $@3  aller à l'état 48


État 35

    9 Ligne: tJMPC tNOMBRE tNOMBRE . $@4 Ligne

    $défaut  réduction par utilisation de la règle 8 ($@4)

    $@4  aller à l'état 49


État 36

   11 Ligne: tJMP tNOMBRE tNOMBRE . $@5 Ligne

    $défaut  réduction par utilisation de la règle 10 ($@5)

    $@5  aller à l'état 50


État 37

   13 Ligne: tSUB tNOMBRE tNOMBRE . tNOMBRE $@6 Ligne

    tNOMBRE  décalage et aller à l'état 51


État 38

   15 Ligne: tMUL tNOMBRE tNOMBRE . tNOMBRE $@7 Ligne

    tNOMBRE  décalage et aller à l'état 52


État 39

   17 Ligne: tADD tNOMBRE tNOMBRE . tNOMBRE $@8 Ligne

    tNOMBRE  décalage et aller à l'état 53


État 40

   19 Ligne: tDIV tNOMBRE tNOMBRE . tNOMBRE $@9 Ligne

    tNOMBRE  décalage et aller à l'état 54


État 41

   21 Ligne: tEQU tNOMBRE tNOMBRE . tNOMBRE $@10 Ligne

    tNOMBRE  décalage et aller à l'état 55


État 42

   23 Ligne: tINF tNOMBRE tNOMBRE . tNOMBRE $@11 Ligne

    tNOMBRE  décalage et aller à l'état 56


État 43

   25 Ligne: tINFE tNOMBRE tNOMBRE . tNOMBRE $@12 Ligne

    tNOMBRE  décalage et aller à l'état 57


État 44

   27 Ligne: tSUP tNOMBRE tNOMBRE . tNOMBRE $@13 Ligne

    tNOMBRE  décalage et aller à l'état 58


État 45

   29 Ligne: tSUPE tNOMBRE tNOMBRE . tNOMBRE $@14 Ligne

    tNOMBRE  décalage et aller à l'état 59


État 46

    3 Ligne: tSTORE tNOMBRE tNOMBRE $@1 . Ligne

    tSTORE  décalage et aller à l'état 1
    tAFC    décalage et aller à l'état 2
    tLOAD   décalage et aller à l'état 3
    tJMPC   décalage et aller à l'état 4
    tJMP    décalage et aller à l'état 5
    tSUB    décalage et aller à l'état 6
    tMUL    décalage et aller à l'état 7
    tADD    décalage et aller à l'état 8
    tDIV    décalage et aller à l'état 9
    tEQU    décalage et aller à l'état 10
    tINF    décalage et aller à l'état 11
    tINFE   décalage et aller à l'état 12
    tSUP    décalage et aller à l'état 13
    tSUPE   décalage et aller à l'état 14

    $défaut  réduction par utilisation de la règle 30 (Ligne)

    Ligne  aller à l'état 60


État 47

    5 Ligne: tAFC tNOMBRE tNOMBRE $@2 . Ligne

    tSTORE  décalage et aller à l'état 1
    tAFC    décalage et aller à l'état 2
    tLOAD   décalage et aller à l'état 3
    tJMPC   décalage et aller à l'état 4
    tJMP    décalage et aller à l'état 5
    tSUB    décalage et aller à l'état 6
    tMUL    décalage et aller à l'état 7
    tADD    décalage et aller à l'état 8
    tDIV    décalage et aller à l'état 9
    tEQU    décalage et aller à l'état 10
    tINF    décalage et aller à l'état 11
    tINFE   décalage et aller à l'état 12
    tSUP    décalage et aller à l'état 13
    tSUPE   décalage et aller à l'état 14

    $défaut  réduction par utilisation de la règle 30 (Ligne)

    Ligne  aller à l'état 61


État 48

    7 Ligne: tLOAD tNOMBRE tNOMBRE $@3 . Ligne

    tSTORE  décalage et aller à l'état 1
    tAFC    décalage et aller à l'état 2
    tLOAD   décalage et aller à l'état 3
    tJMPC   décalage et aller à l'état 4
    tJMP    décalage et aller à l'état 5
    tSUB    décalage et aller à l'état 6
    tMUL    décalage et aller à l'état 7
    tADD    décalage et aller à l'état 8
    tDIV    décalage et aller à l'état 9
    tEQU    décalage et aller à l'état 10
    tINF    décalage et aller à l'état 11
    tINFE   décalage et aller à l'état 12
    tSUP    décalage et aller à l'état 13
    tSUPE   décalage et aller à l'état 14

    $défaut  réduction par utilisation de la règle 30 (Ligne)

    Ligne  aller à l'état 62


État 49

    9 Ligne: tJMPC tNOMBRE tNOMBRE $@4 . Ligne

    tSTORE  décalage et aller à l'état 1
    tAFC    décalage et aller à l'état 2
    tLOAD   décalage et aller à l'état 3
    tJMPC   décalage et aller à l'état 4
    tJMP    décalage et aller à l'état 5
    tSUB    décalage et aller à l'état 6
    tMUL    décalage et aller à l'état 7
    tADD    décalage et aller à l'état 8
    tDIV    décalage et aller à l'état 9
    tEQU    décalage et aller à l'état 10
    tINF    décalage et aller à l'état 11
    tINFE   décalage et aller à l'état 12
    tSUP    décalage et aller à l'état 13
    tSUPE   décalage et aller à l'état 14

    $défaut  réduction par utilisation de la règle 30 (Ligne)

    Ligne  aller à l'état 63


État 50

   11 Ligne: tJMP tNOMBRE tNOMBRE $@5 . Ligne

    tSTORE  décalage et aller à l'état 1
    tAFC    décalage et aller à l'état 2
    tLOAD   décalage et aller à l'état 3
    tJMPC   décalage et aller à l'état 4
    tJMP    décalage et aller à l'état 5
    tSUB    décalage et aller à l'état 6
    tMUL    décalage et aller à l'état 7
    tADD    décalage et aller à l'état 8
    tDIV    décalage et aller à l'état 9
    tEQU    décalage et aller à l'état 10
    tINF    décalage et aller à l'état 11
    tINFE   décalage et aller à l'état 12
    tSUP    décalage et aller à l'état 13
    tSUPE   décalage et aller à l'état 14

    $défaut  réduction par utilisation de la règle 30 (Ligne)

    Ligne  aller à l'état 64


État 51

   13 Ligne: tSUB tNOMBRE tNOMBRE tNOMBRE . $@6 Ligne

    $défaut  réduction par utilisation de la règle 12 ($@6)

    $@6  aller à l'état 65


État 52

   15 Ligne: tMUL tNOMBRE tNOMBRE tNOMBRE . $@7 Ligne

    $défaut  réduction par utilisation de la règle 14 ($@7)

    $@7  aller à l'état 66


État 53

   17 Ligne: tADD tNOMBRE tNOMBRE tNOMBRE . $@8 Ligne

    $défaut  réduction par utilisation de la règle 16 ($@8)

    $@8  aller à l'état 67


État 54

   19 Ligne: tDIV tNOMBRE tNOMBRE tNOMBRE . $@9 Ligne

    $défaut  réduction par utilisation de la règle 18 ($@9)

    $@9  aller à l'état 68


État 55

   21 Ligne: tEQU tNOMBRE tNOMBRE tNOMBRE . $@10 Ligne

    $défaut  réduction par utilisation de la règle 20 ($@10)

    $@10  aller à l'état 69


État 56

   23 Ligne: tINF tNOMBRE tNOMBRE tNOMBRE . $@11 Ligne

    $défaut  réduction par utilisation de la règle 22 ($@11)

    $@11  aller à l'état 70


État 57

   25 Ligne: tINFE tNOMBRE tNOMBRE tNOMBRE . $@12 Ligne

    $défaut  réduction par utilisation de la règle 24 ($@12)

    $@12  aller à l'état 71


État 58

   27 Ligne: tSUP tNOMBRE tNOMBRE tNOMBRE . $@13 Ligne

    $défaut  réduction par utilisation de la règle 26 ($@13)

    $@13  aller à l'état 72


État 59

   29 Ligne: tSUPE tNOMBRE tNOMBRE tNOMBRE . $@14 Ligne

    $défaut  réduction par utilisation de la règle 28 ($@14)

    $@14  aller à l'état 73


État 60

    3 Ligne: tSTORE tNOMBRE tNOMBRE $@1 Ligne .

    $défaut  réduction par utilisation de la règle 3 (Ligne)


État 61

    5 Ligne: tAFC tNOMBRE tNOMBRE $@2 Ligne .

    $défaut  réduction par utilisation de la règle 5 (Ligne)


État 62

    7 Ligne: tLOAD tNOMBRE tNOMBRE $@3 Ligne .

    $défaut  réduction par utilisation de la règle 7 (Ligne)


État 63

    9 Ligne: tJMPC tNOMBRE tNOMBRE $@4 Ligne .

    $défaut  réduction par utilisation de la règle 9 (Ligne)


État 64

   11 Ligne: tJMP tNOMBRE tNOMBRE $@5 Ligne .

    $défaut  réduction par utilisation de la règle 11 (Ligne)


État 65

   13 Ligne: tSUB tNOMBRE tNOMBRE tNOMBRE $@6 . Ligne

    tSTORE  décalage et aller à l'état 1
    tAFC    décalage et aller à l'état 2
    tLOAD   décalage et aller à l'état 3
    tJMPC   décalage et aller à l'état 4
    tJMP    décalage et aller à l'état 5
    tSUB    décalage et aller à l'état 6
    tMUL    décalage et aller à l'état 7
    tADD    décalage et aller à l'état 8
    tDIV    décalage et aller à l'état 9
    tEQU    décalage et aller à l'état 10
    tINF    décalage et aller à l'état 11
    tINFE   décalage et aller à l'état 12
    tSUP    décalage et aller à l'état 13
    tSUPE   décalage et aller à l'état 14

    $défaut  réduction par utilisation de la règle 30 (Ligne)

    Ligne  aller à l'état 74


État 66

   15 Ligne: tMUL tNOMBRE tNOMBRE tNOMBRE $@7 . Ligne

    tSTORE  décalage et aller à l'état 1
    tAFC    décalage et aller à l'état 2
    tLOAD   décalage et aller à l'état 3
    tJMPC   décalage et aller à l'état 4
    tJMP    décalage et aller à l'état 5
    tSUB    décalage et aller à l'état 6
    tMUL    décalage et aller à l'état 7
    tADD    décalage et aller à l'état 8
    tDIV    décalage et aller à l'état 9
    tEQU    décalage et aller à l'état 10
    tINF    décalage et aller à l'état 11
    tINFE   décalage et aller à l'état 12
    tSUP    décalage et aller à l'état 13
    tSUPE   décalage et aller à l'état 14

    $défaut  réduction par utilisation de la règle 30 (Ligne)

    Ligne  aller à l'état 75


État 67

   17 Ligne: tADD tNOMBRE tNOMBRE tNOMBRE $@8 . Ligne

    tSTORE  décalage et aller à l'état 1
    tAFC    décalage et aller à l'état 2
    tLOAD   décalage et aller à l'état 3
    tJMPC   décalage et aller à l'état 4
    tJMP    décalage et aller à l'état 5
    tSUB    décalage et aller à l'état 6
    tMUL    décalage et aller à l'état 7
    tADD    décalage et aller à l'état 8
    tDIV    décalage et aller à l'état 9
    tEQU    décalage et aller à l'état 10
    tINF    décalage et aller à l'état 11
    tINFE   décalage et aller à l'état 12
    tSUP    décalage et aller à l'état 13
    tSUPE   décalage et aller à l'état 14

    $défaut  réduction par utilisation de la règle 30 (Ligne)

    Ligne  aller à l'état 76


État 68

   19 Ligne: tDIV tNOMBRE tNOMBRE tNOMBRE $@9 . Ligne

    tSTORE  décalage et aller à l'état 1
    tAFC    décalage et aller à l'état 2
    tLOAD   décalage et aller à l'état 3
    tJMPC   décalage et aller à l'état 4
    tJMP    décalage et aller à l'état 5
    tSUB    décalage et aller à l'état 6
    tMUL    décalage et aller à l'état 7
    tADD    décalage et aller à l'état 8
    tDIV    décalage et aller à l'état 9
    tEQU    décalage et aller à l'état 10
    tINF    décalage et aller à l'état 11
    tINFE   décalage et aller à l'état 12
    tSUP    décalage et aller à l'état 13
    tSUPE   décalage et aller à l'état 14

    $défaut  réduction par utilisation de la règle 30 (Ligne)

    Ligne  aller à l'état 77


État 69

   21 Ligne: tEQU tNOMBRE tNOMBRE tNOMBRE $@10 . Ligne

    tSTORE  décalage et aller à l'état 1
    tAFC    décalage et aller à l'état 2
    tLOAD   décalage et aller à l'état 3
    tJMPC   décalage et aller à l'état 4
    tJMP    décalage et aller à l'état 5
    tSUB    décalage et aller à l'état 6
    tMUL    décalage et aller à l'état 7
    tADD    décalage et aller à l'état 8
    tDIV    décalage et aller à l'état 9
    tEQU    décalage et aller à l'état 10
    tINF    décalage et aller à l'état 11
    tINFE   décalage et aller à l'état 12
    tSUP    décalage et aller à l'état 13
    tSUPE   décalage et aller à l'état 14

    $défaut  réduction par utilisation de la règle 30 (Ligne)

    Ligne  aller à l'état 78


État 70

   23 Ligne: tINF tNOMBRE tNOMBRE tNOMBRE $@11 . Ligne

    tSTORE  décalage et aller à l'état 1
    tAFC    décalage et aller à l'état 2
    tLOAD   décalage et aller à l'état 3
    tJMPC   décalage et aller à l'état 4
    tJMP    décalage et aller à l'état 5
    tSUB    décalage et aller à l'état 6
    tMUL    décalage et aller à l'état 7
    tADD    décalage et aller à l'état 8
    tDIV    décalage et aller à l'état 9
    tEQU    décalage et aller à l'état 10
    tINF    décalage et aller à l'état 11
    tINFE   décalage et aller à l'état 12
    tSUP    décalage et aller à l'état 13
    tSUPE   décalage et aller à l'état 14

    $défaut  réduction par utilisation de la règle 30 (Ligne)

    Ligne  aller à l'état 79


État 71

   25 Ligne: tINFE tNOMBRE tNOMBRE tNOMBRE $@12 . Ligne

    tSTORE  décalage et aller à l'état 1
    tAFC    décalage et aller à l'état 2
    tLOAD   décalage et aller à l'état 3
    tJMPC   décalage et aller à l'état 4
    tJMP    décalage et aller à l'état 5
    tSUB    décalage et aller à l'état 6
    tMUL    décalage et aller à l'état 7
    tADD    décalage et aller à l'état 8
    tDIV    décalage et aller à l'état 9
    tEQU    décalage et aller à l'état 10
    tINF    décalage et aller à l'état 11
    tINFE   décalage et aller à l'état 12
    tSUP    décalage et aller à l'état 13
    tSUPE   décalage et aller à l'état 14

    $défaut  réduction par utilisation de la règle 30 (Ligne)

    Ligne  aller à l'état 80


État 72

   27 Ligne: tSUP tNOMBRE tNOMBRE tNOMBRE $@13 . Ligne

    tSTORE  décalage et aller à l'état 1
    tAFC    décalage et aller à l'état 2
    tLOAD   décalage et aller à l'état 3
    tJMPC   décalage et aller à l'état 4
    tJMP    décalage et aller à l'état 5
    tSUB    décalage et aller à l'état 6
    tMUL    décalage et aller à l'état 7
    tADD    décalage et aller à l'état 8
    tDIV    décalage et aller à l'état 9
    tEQU    décalage et aller à l'état 10
    tINF    décalage et aller à l'état 11
    tINFE   décalage et aller à l'état 12
    tSUP    décalage et aller à l'état 13
    tSUPE   décalage et aller à l'état 14

    $défaut  réduction par utilisation de la règle 30 (Ligne)

    Ligne  aller à l'état 81


État 73

   29 Ligne: tSUPE tNOMBRE tNOMBRE tNOMBRE $@14 . Ligne

    tSTORE  décalage et aller à l'état 1
    tAFC    décalage et aller à l'état 2
    tLOAD   décalage et aller à l'état 3
    tJMPC   décalage et aller à l'état 4
    tJMP    décalage et aller à l'état 5
    tSUB    décalage et aller à l'état 6
    tMUL    décalage et aller à l'état 7
    tADD    décalage et aller à l'état 8
    tDIV    décalage et aller à l'état 9
    tEQU    décalage et aller à l'état 10
    tINF    décalage et aller à l'état 11
    tINFE   décalage et aller à l'état 12
    tSUP    décalage et aller à l'état 13
    tSUPE   décalage et aller à l'état 14

    $défaut  réduction par utilisation de la règle 30 (Ligne)

    Ligne  aller à l'état 82


État 74

   13 Ligne: tSUB tNOMBRE tNOMBRE tNOMBRE $@6 Ligne .

    $défaut  réduction par utilisation de la règle 13 (Ligne)


État 75

   15 Ligne: tMUL tNOMBRE tNOMBRE tNOMBRE $@7 Ligne .

    $défaut  réduction par utilisation de la règle 15 (Ligne)


État 76

   17 Ligne: tADD tNOMBRE tNOMBRE tNOMBRE $@8 Ligne .

    $défaut  réduction par utilisation de la règle 17 (Ligne)


État 77

   19 Ligne: tDIV tNOMBRE tNOMBRE tNOMBRE $@9 Ligne .

    $défaut  réduction par utilisation de la règle 19 (Ligne)


État 78

   21 Ligne: tEQU tNOMBRE tNOMBRE tNOMBRE $@10 Ligne .

    $défaut  réduction par utilisation de la règle 21 (Ligne)


État 79

   23 Ligne: tINF tNOMBRE tNOMBRE tNOMBRE $@11 Ligne .

    $défaut  réduction par utilisation de la règle 23 (Ligne)


État 80

   25 Ligne: tINFE tNOMBRE tNOMBRE tNOMBRE $@12 Ligne .

    $défaut  réduction par utilisation de la règle 25 (Ligne)


État 81

   27 Ligne: tSUP tNOMBRE tNOMBRE tNOMBRE $@13 Ligne .

    $défaut  réduction par utilisation de la règle 27 (Ligne)


État 82

   29 Ligne: tSUPE tNOMBRE tNOMBRE tNOMBRE $@14 Ligne .

    $défaut  réduction par utilisation de la règle 29 (Ligne)
